Unknown:
C:\Users\HP\Downloads\array_S\Result\bdensx.adt
C:\Users\HP\Downloads\array_S\Result\bdensy.adt
C:\Users\HP\Downloads\array_S\Result\bdensz.adt
C:\Users\HP\Downloads\array_S\Result\e-field (f=28)_1,1_m3d.tfo
C:\Users\HP\Downloads\array_S\Result\e-field (f=28.101)_1,1_m3d.tfo
C:\Users\HP\Downloads\array_S\Result\e-field (f=28.202)_1,1_m3d.tfo
C:\Users\HP\Downloads\array_S\Result\e-field (f=28.303)_1,1_m3d.tfo
C:\Users\HP\Downloads\array_S\Result\e-field (f=28.404)_1,1_m3d.tfo
C:\Users\HP\Downloads\array_S\Result\e-field (f=28.5051)_1,1_m3d.tfo
C:\Users\HP\Downloads\array_S\Result\e-field (f=28.6061)_1,1_m3d.tfo
C:\Users\HP\Downloads\array_S\Result\e-field (f=28.7071)_1,1_m3d.tfo
C:\Users\HP\Downloads\array_S\Result\e-field (f=28.8081)_1,1_m3d.tfo
C:\Users\HP\Downloads\array_S\Result\e-field (f=28.9091)_1,1_m3d.tfo
C:\Users\HP\Downloads\array_S\Result\e-field (f=29.0101)_1,1_m3d.tfo
C:\Users\HP\Downloads\array_S\Result\e-field (f=29.1111)_1,1_m3d.tfo
C:\Users\HP\Downloads\array_S\Result\e-field (f=29.2121)_1,1_m3d.tfo
C:\Users\HP\Downloads\array_S\Result\e-field (f=29.3131)_1,1_m3d.tfo
C:\Users\HP\Downloads\array_S\Result\e-field (f=29.4141)_1,1_m3d.tfo
C:\Users\HP\Downloads\array_S\Result\e-field (f=29.5152)_1,1_m3d.tfo
C:\Users\HP\Downloads\array_S\Result\e-field (f=29.6162)_1,1_m3d.tfo
C:\Users\HP\Downloads\array_S\Result\e-field (f=29.7172)_1,1_m3d.tfo
C:\Users\HP\Downloads\array_S\Result\e-field (f=29.8182)_1,1_m3d.tfo
C:\Users\HP\Downloads\array_S\Result\e-field (f=29.9192)_1,1_m3d.tfo
C:\Users\HP\Downloads\array_S\Result\e-field (f=30.0202)_1,1_m3d.tfo
C:\Users\HP\Downloads\array_S\Result\e-field (f=30.1212)_1,1_m3d.tfo
C:\Users\HP\Downloads\array_S\Result\e-field (f=30.2222)_1,1_m3d.tfo
C:\Users\HP\Downloads\array_S\Result\e-field (f=30.3232)_1,1_m3d.tfo
C:\Users\HP\Downloads\array_S\Result\e-field (f=30.4242)_1,1_m3d.tfo
C:\Users\HP\Downloads\array_S\Result\e-field (f=30.5253)_1,1_m3d.tfo
C:\Users\HP\Downloads\array_S\Result\e-field (f=30.6263)_1,1_m3d.tfo
C:\Users\HP\Downloads\array_S\Result\e-field (f=30.7273)_1,1_m3d.tfo
C:\Users\HP\Downloads\array_S\Result\e-field (f=30.8283)_1,1_m3d.tfo
C:\Users\HP\Downloads\array_S\Result\e-field (f=30.9293)_1,1_m3d.tfo
C:\Users\HP\Downloads\array_S\Result\e-field (f=31.0303)_1,1_m3d.tfo
C:\Users\HP\Downloads\array_S\Result\e-field (f=31.1313)_1,1_m3d.tfo
C:\Users\HP\Downloads\array_S\Result\e-field (f=31.2323)_1,1_m3d.tfo
C:\Users\HP\Downloads\array_S\Result\e-field (f=31.3333)_1,1_m3d.tfo
C:\Users\HP\Downloads\array_S\Result\e-field (f=31.4343)_1,1_m3d.tfo
C:\Users\HP\Downloads\array_S\Result\e-field (f=31.5354)_1,1_m3d.tfo
C:\Users\HP\Downloads\array_S\Result\e-field (f=31.6364)_1,1_m3d.tfo
C:\Users\HP\Downloads\array_S\Result\e-field (f=31.7374)_1,1_m3d.tfo
C:\Users\HP\Downloads\array_S\Result\e-field (f=31.8384)_1,1_m3d.tfo
C:\Users\HP\Downloads\array_S\Result\e-field (f=31.9394)_1,1_m3d.tfo
C:\Users\HP\Downloads\array_S\Result\e-field (f=32.0404)_1,1_m3d.tfo
C:\Users\HP\Downloads\array_S\Result\e-field (f=32.1414)_1,1_m3d.tfo
C:\Users\HP\Downloads\array_S\Result\e-field (f=32.2424)_1,1_m3d.tfo
C:\Users\HP\Downloads\array_S\Result\e-field (f=32.3434)_1,1_m3d.tfo
C:\Users\HP\Downloads\array_S\Result\e-field (f=32.4444)_1,1_m3d.tfo
C:\Users\HP\Downloads\array_S\Result\e-field (f=32.5455)_1,1_m3d.tfo
C:\Users\HP\Downloads\array_S\Result\e-field (f=32.6465)_1,1_m3d.tfo
C:\Users\HP\Downloads\array_S\Result\e-field (f=32.7475)_1,1_m3d.tfo
C:\Users\HP\Downloads\array_S\Result\e-field (f=32.8485)_1,1_m3d.tfo
C:\Users\HP\Downloads\array_S\Result\e-field (f=32.9495)_1,1_m3d.tfo
C:\Users\HP\Downloads\array_S\Result\e-field (f=33)_1,1_m3d.tfo
C:\Users\HP\Downloads\array_S\Result\e-field (f=33.0505)_1,1_m3d.tfo
C:\Users\HP\Downloads\array_S\Result\e-field (f=33.1515)_1,1_m3d.tfo
C:\Users\HP\Downloads\array_S\Result\e-field (f=33.2525)_1,1_m3d.tfo
C:\Users\HP\Downloads\array_S\Result\e-field (f=33.3535)_1,1_m3d.tfo
C:\Users\HP\Downloads\array_S\Result\e-field (f=33.4545)_1,1_m3d.tfo
C:\Users\HP\Downloads\array_S\Result\e-field (f=33.5556)_1,1_m3d.tfo
C:\Users\HP\Downloads\array_S\Result\e-field (f=33.6566)_1,1_m3d.tfo
C:\Users\HP\Downloads\array_S\Result\e-field (f=33.7576)_1,1_m3d.tfo
C:\Users\HP\Downloads\array_S\Result\e-field (f=33.8586)_1,1_m3d.tfo
C:\Users\HP\Downloads\array_S\Result\e-field (f=33.9596)_1,1_m3d.tfo
C:\Users\HP\Downloads\array_S\Result\e-field (f=34.0606)_1,1_m3d.tfo
C:\Users\HP\Downloads\array_S\Result\e-field (f=34.1616)_1,1_m3d.tfo
C:\Users\HP\Downloads\array_S\Result\e-field (f=34.2626)_1,1_m3d.tfo
C:\Users\HP\Downloads\array_S\Result\e-field (f=34.3636)_1,1_m3d.tfo
C:\Users\HP\Downloads\array_S\Result\e-field (f=34.4646)_1,1_m3d.tfo
C:\Users\HP\Downloads\array_S\Result\e-field (f=34.5657)_1,1_m3d.tfo
C:\Users\HP\Downloads\array_S\Result\e-field (f=34.6667)_1,1_m3d.tfo
C:\Users\HP\Downloads\array_S\Result\e-field (f=34.7677)_1,1_m3d.tfo
C:\Users\HP\Downloads\array_S\Result\e-field (f=34.8687)_1,1_m3d.tfo
C:\Users\HP\Downloads\array_S\Result\e-field (f=34.9697)_1,1_m3d.tfo
C:\Users\HP\Downloads\array_S\Result\e-field (f=35.0707)_1,1_m3d.tfo
C:\Users\HP\Downloads\array_S\Result\e-field (f=35.1717)_1,1_m3d.tfo
C:\Users\HP\Downloads\array_S\Result\e-field (f=35.2727)_1,1_m3d.tfo
C:\Users\HP\Downloads\array_S\Result\e-field (f=35.3737)_1,1_m3d.tfo
C:\Users\HP\Downloads\array_S\Result\e-field (f=35.4747)_1,1_m3d.tfo
C:\Users\HP\Downloads\array_S\Result\e-field (f=35.5758)_1,1_m3d.tfo
C:\Users\HP\Downloads\array_S\Result\e-field (f=35.6768)_1,1_m3d.tfo
C:\Users\HP\Downloads\array_S\Result\e-field (f=35.7778)_1,1_m3d.tfo
C:\Users\HP\Downloads\array_S\Result\e-field (f=35.8788)_1,1_m3d.tfo
C:\Users\HP\Downloads\array_S\Result\e-field (f=35.9798)_1,1_m3d.tfo
C:\Users\HP\Downloads\array_S\Result\e-field (f=36.0808)_1,1_m3d.tfo
C:\Users\HP\Downloads\array_S\Result\e-field (f=36.1818)_1,1_m3d.tfo
C:\Users\HP\Downloads\array_S\Result\e-field (f=36.2828)_1,1_m3d.tfo
C:\Users\HP\Downloads\array_S\Result\e-field (f=36.3838)_1,1_m3d.tfo
C:\Users\HP\Downloads\array_S\Result\e-field (f=36.4848)_1,1_m3d.tfo
C:\Users\HP\Downloads\array_S\Result\e-field (f=36.5859)_1,1_m3d.tfo
C:\Users\HP\Downloads\array_S\Result\e-field (f=36.6869)_1,1_m3d.tfo
C:\Users\HP\Downloads\array_S\Result\e-field (f=36.7879)_1,1_m3d.tfo
C:\Users\HP\Downloads\array_S\Result\e-field (f=36.8889)_1,1_m3d.tfo
C:\Users\HP\Downloads\array_S\Result\e-field (f=36.9899)_1,1_m3d.tfo
C:\Users\HP\Downloads\array_S\Result\e-field (f=37.0909)_1,1_m3d.tfo
C:\Users\HP\Downloads\array_S\Result\e-field (f=37.1919)_1,1_m3d.tfo
C:\Users\HP\Downloads\array_S\Result\e-field (f=37.2929)_1,1_m3d.tfo
C:\Users\HP\Downloads\array_S\Result\e-field (f=37.3939)_1,1_m3d.tfo
C:\Users\HP\Downloads\array_S\Result\e-field (f=37.4949)_1,1_m3d.tfo
C:\Users\HP\Downloads\array_S\Result\e-field (f=37.596)_1,1_m3d.tfo
C:\Users\HP\Downloads\array_S\Result\e-field (f=37.697)_1,1_m3d.tfo
C:\Users\HP\Downloads\array_S\Result\e-field (f=37.798)_1,1_m3d.tfo
C:\Users\HP\Downloads\array_S\Result\e-field (f=37.899)_1,1_m3d.tfo
C:\Users\HP\Downloads\array_S\Result\e-field (f=38)_1,1_m3d.tfo
C:\Users\HP\Downloads\array_S\Result\edensx.adt
C:\Users\HP\Downloads\array_S\Result\edensy.adt
C:\Users\HP\Downloads\array_S\Result\edensz.adt
C:\Users\HP\Downloads\array_S\Result\farfield (f=28)2D_1.ffp
C:\Users\HP\Downloads\array_S\Result\farfield (f=28)_1.fme
C:\Users\HP\Downloads\array_S\Result\farfield (f=28.101)2D_1.ffp
C:\Users\HP\Downloads\array_S\Result\farfield (f=28.101)_1.fme
C:\Users\HP\Downloads\array_S\Result\farfield (f=28.202)2D_1.ffp
C:\Users\HP\Downloads\array_S\Result\farfield (f=28.202)_1.fme
C:\Users\HP\Downloads\array_S\Result\farfield (f=28.303)2D_1.ffp
C:\Users\HP\Downloads\array_S\Result\farfield (f=28.303)_1.fme
C:\Users\HP\Downloads\array_S\Result\farfield (f=28.404)2D_1.ffp
C:\Users\HP\Downloads\array_S\Result\farfield (f=28.404)_1.fme
C:\Users\HP\Downloads\array_S\Result\farfield (f=28.5051)2D_1.ffp
C:\Users\HP\Downloads\array_S\Result\farfield (f=28.5051)_1.fme
C:\Users\HP\Downloads\array_S\Result\farfield (f=28.6061)2D_1.ffp
C:\Users\HP\Downloads\array_S\Result\farfield (f=28.6061)_1.fme
C:\Users\HP\Downloads\array_S\Result\farfield (f=28.7071)2D_1.ffp
C:\Users\HP\Downloads\array_S\Result\farfield (f=28.7071)_1.fme
C:\Users\HP\Downloads\array_S\Result\farfield (f=28.8081)2D_1.ffp
C:\Users\HP\Downloads\array_S\Result\farfield (f=28.8081)_1.fme
C:\Users\HP\Downloads\array_S\Result\farfield (f=28.9091)2D_1.ffp
C:\Users\HP\Downloads\array_S\Result\farfield (f=28.9091)_1.fme
C:\Users\HP\Downloads\array_S\Result\farfield (f=29.0101)2D_1.ffp
C:\Users\HP\Downloads\array_S\Result\farfield (f=29.0101)_1.fme
C:\Users\HP\Downloads\array_S\Result\farfield (f=29.1111)2D_1.ffp
C:\Users\HP\Downloads\array_S\Result\farfield (f=29.1111)_1.fme
C:\Users\HP\Downloads\array_S\Result\farfield (f=29.2121)2D_1.ffp
C:\Users\HP\Downloads\array_S\Result\farfield (f=29.2121)_1.fme
C:\Users\HP\Downloads\array_S\Result\farfield (f=29.3131)2D_1.ffp
C:\Users\HP\Downloads\array_S\Result\farfield (f=29.3131)_1.fme
C:\Users\HP\Downloads\array_S\Result\farfield (f=29.4141)2D_1.ffp
C:\Users\HP\Downloads\array_S\Result\farfield (f=29.4141)_1.fme
C:\Users\HP\Downloads\array_S\Result\farfield (f=29.5152)2D_1.ffp
C:\Users\HP\Downloads\array_S\Result\farfield (f=29.5152)_1.fme
C:\Users\HP\Downloads\array_S\Result\farfield (f=29.6162)2D_1.ffp
C:\Users\HP\Downloads\array_S\Result\farfield (f=29.6162)_1.fme
C:\Users\HP\Downloads\array_S\Result\farfield (f=29.7172)2D_1.ffp
C:\Users\HP\Downloads\array_S\Result\farfield (f=29.7172)_1.fme
C:\Users\HP\Downloads\array_S\Result\farfield (f=29.8182)2D_1.ffp
C:\Users\HP\Downloads\array_S\Result\farfield (f=29.8182)_1.fme
C:\Users\HP\Downloads\array_S\Result\farfield (f=29.9192)2D_1.ffp
C:\Users\HP\Downloads\array_S\Result\farfield (f=29.9192)_1.fme
C:\Users\HP\Downloads\array_S\Result\farfield (f=30.0202)2D_1.ffp
C:\Users\HP\Downloads\array_S\Result\farfield (f=30.0202)_1.fme
C:\Users\HP\Downloads\array_S\Result\farfield (f=30.1212)2D_1.ffp
C:\Users\HP\Downloads\array_S\Result\farfield (f=30.1212)_1.fme
C:\Users\HP\Downloads\array_S\Result\farfield (f=30.2222)2D_1.ffp
C:\Users\HP\Downloads\array_S\Result\farfield (f=30.2222)_1.fme
C:\Users\HP\Downloads\array_S\Result\farfield (f=30.3232)2D_1.ffp
C:\Users\HP\Downloads\array_S\Result\farfield (f=30.3232)_1.fme
C:\Users\HP\Downloads\array_S\Result\farfield (f=30.4242)2D_1.ffp
C:\Users\HP\Downloads\array_S\Result\farfield (f=30.4242)_1.fme
C:\Users\HP\Downloads\array_S\Result\farfield (f=30.5253)2D_1.ffp
C:\Users\HP\Downloads\array_S\Result\farfield (f=30.5253)_1.fme
C:\Users\HP\Downloads\array_S\Result\farfield (f=30.6263)2D_1.ffp
C:\Users\HP\Downloads\array_S\Result\farfield (f=30.6263)_1.fme
C:\Users\HP\Downloads\array_S\Result\farfield (f=30.7273)2D_1.ffp
C:\Users\HP\Downloads\array_S\Result\farfield (f=30.7273)_1.fme
C:\Users\HP\Downloads\array_S\Result\farfield (f=30.8283)2D_1.ffp
C:\Users\HP\Downloads\array_S\Result\farfield (f=30.8283)_1.fme
C:\Users\HP\Downloads\array_S\Result\farfield (f=30.9293)2D_1.ffp
C:\Users\HP\Downloads\array_S\Result\farfield (f=30.9293)_1.fme
C:\Users\HP\Downloads\array_S\Result\farfield (f=31.0303)2D_1.ffp
C:\Users\HP\Downloads\array_S\Result\farfield (f=31.0303)_1.fme
C:\Users\HP\Downloads\array_S\Result\farfield (f=31.1313)2D_1.ffp
C:\Users\HP\Downloads\array_S\Result\farfield (f=31.1313)_1.fme
C:\Users\HP\Downloads\array_S\Result\farfield (f=31.2323)2D_1.ffp
C:\Users\HP\Downloads\array_S\Result\farfield (f=31.2323)_1.fme
C:\Users\HP\Downloads\array_S\Result\farfield (f=31.3333)2D_1.ffp
C:\Users\HP\Downloads\array_S\Result\farfield (f=31.3333)_1.fme
C:\Users\HP\Downloads\array_S\Result\farfield (f=31.4343)2D_1.ffp
C:\Users\HP\Downloads\array_S\Result\farfield (f=31.4343)_1.fme
C:\Users\HP\Downloads\array_S\Result\farfield (f=31.5354)2D_1.ffp
C:\Users\HP\Downloads\array_S\Result\farfield (f=31.5354)_1.fme
C:\Users\HP\Downloads\array_S\Result\farfield (f=31.6364)2D_1.ffp
C:\Users\HP\Downloads\array_S\Result\farfield (f=31.6364)_1.fme
C:\Users\HP\Downloads\array_S\Result\farfield (f=31.7374)2D_1.ffp
C:\Users\HP\Downloads\array_S\Result\farfield (f=31.7374)_1.fme
C:\Users\HP\Downloads\array_S\Result\farfield (f=31.8384)2D_1.ffp
C:\Users\HP\Downloads\array_S\Result\farfield (f=31.8384)_1.fme
C:\Users\HP\Downloads\array_S\Result\farfield (f=31.9394)2D_1.ffp
C:\Users\HP\Downloads\array_S\Result\farfield (f=31.9394)_1.fme
C:\Users\HP\Downloads\array_S\Result\farfield (f=32.0404)2D_1.ffp
C:\Users\HP\Downloads\array_S\Result\farfield (f=32.0404)_1.fme
C:\Users\HP\Downloads\array_S\Result\farfield (f=32.1414)2D_1.ffp
C:\Users\HP\Downloads\array_S\Result\farfield (f=32.1414)_1.fme
C:\Users\HP\Downloads\array_S\Result\farfield (f=32.2424)2D_1.ffp
C:\Users\HP\Downloads\array_S\Result\farfield (f=32.2424)_1.fme
C:\Users\HP\Downloads\array_S\Result\farfield (f=32.3434)2D_1.ffp
C:\Users\HP\Downloads\array_S\Result\farfield (f=32.3434)_1.fme
C:\Users\HP\Downloads\array_S\Result\farfield (f=32.4444)2D_1.ffp
C:\Users\HP\Downloads\array_S\Result\farfield (f=32.4444)_1.fme
C:\Users\HP\Downloads\array_S\Result\farfield (f=32.5455)2D_1.ffp
C:\Users\HP\Downloads\array_S\Result\farfield (f=32.5455)_1.fme
C:\Users\HP\Downloads\array_S\Result\farfield (f=32.6465)2D_1.ffp
C:\Users\HP\Downloads\array_S\Result\farfield (f=32.6465)_1.fme
C:\Users\HP\Downloads\array_S\Result\farfield (f=32.7475)2D_1.ffp
C:\Users\HP\Downloads\array_S\Result\farfield (f=32.7475)_1.fme
C:\Users\HP\Downloads\array_S\Result\farfield (f=32.8485)2D_1.ffp
C:\Users\HP\Downloads\array_S\Result\farfield (f=32.8485)_1.fme
C:\Users\HP\Downloads\array_S\Result\farfield (f=32.9495)2D_1.ffp
C:\Users\HP\Downloads\array_S\Result\farfield (f=32.9495)_1.fme
C:\Users\HP\Downloads\array_S\Result\farfield (f=33)2D_1.ffp
C:\Users\HP\Downloads\array_S\Result\farfield (f=33)_1.fme
C:\Users\HP\Downloads\array_S\Result\farfield (f=33.0505)2D_1.ffp
C:\Users\HP\Downloads\array_S\Result\farfield (f=33.0505)_1.fme
C:\Users\HP\Downloads\array_S\Result\farfield (f=33.1515)2D_1.ffp
C:\Users\HP\Downloads\array_S\Result\farfield (f=33.1515)_1.fme
C:\Users\HP\Downloads\array_S\Result\farfield (f=33.2525)2D_1.ffp
C:\Users\HP\Downloads\array_S\Result\farfield (f=33.2525)_1.fme
C:\Users\HP\Downloads\array_S\Result\farfield (f=33.3535)2D_1.ffp
C:\Users\HP\Downloads\array_S\Result\farfield (f=33.3535)_1.fme
C:\Users\HP\Downloads\array_S\Result\farfield (f=33.4545)2D_1.ffp
C:\Users\HP\Downloads\array_S\Result\farfield (f=33.4545)_1.fme
C:\Users\HP\Downloads\array_S\Result\farfield (f=33.5556)2D_1.ffp
C:\Users\HP\Downloads\array_S\Result\farfield (f=33.5556)_1.fme
C:\Users\HP\Downloads\array_S\Result\farfield (f=33.6566)2D_1.ffp
C:\Users\HP\Downloads\array_S\Result\farfield (f=33.6566)_1.fme
C:\Users\HP\Downloads\array_S\Result\farfield (f=33.7576)2D_1.ffp
C:\Users\HP\Downloads\array_S\Result\farfield (f=33.7576)_1.fme
C:\Users\HP\Downloads\array_S\Result\farfield (f=33.8586)2D_1.ffp
C:\Users\HP\Downloads\array_S\Result\farfield (f=33.8586)_1.fme
C:\Users\HP\Downloads\array_S\Result\farfield (f=33.9596)2D_1.ffp
C:\Users\HP\Downloads\array_S\Result\farfield (f=33.9596)_1.fme
C:\Users\HP\Downloads\array_S\Result\farfield (f=34.0606)2D_1.ffp
C:\Users\HP\Downloads\array_S\Result\farfield (f=34.0606)_1.fme
C:\Users\HP\Downloads\array_S\Result\farfield (f=34.1616)2D_1.ffp
C:\Users\HP\Downloads\array_S\Result\farfield (f=34.1616)_1.fme
C:\Users\HP\Downloads\array_S\Result\farfield (f=34.2626)2D_1.ffp
C:\Users\HP\Downloads\array_S\Result\farfield (f=34.2626)_1.fme
C:\Users\HP\Downloads\array_S\Result\farfield (f=34.3636)2D_1.ffp
C:\Users\HP\Downloads\array_S\Result\farfield (f=34.3636)_1.fme
C:\Users\HP\Downloads\array_S\Result\farfield (f=34.4646)2D_1.ffp
C:\Users\HP\Downloads\array_S\Result\farfield (f=34.4646)_1.fme
C:\Users\HP\Downloads\array_S\Result\farfield (f=34.5657)2D_1.ffp
C:\Users\HP\Downloads\array_S\Result\farfield (f=34.5657)_1.fme
C:\Users\HP\Downloads\array_S\Result\farfield (f=34.6667)2D_1.ffp
C:\Users\HP\Downloads\array_S\Result\farfield (f=34.6667)_1.fme
C:\Users\HP\Downloads\array_S\Result\farfield (f=34.7677)2D_1.ffp
C:\Users\HP\Downloads\array_S\Result\farfield (f=34.7677)_1.fme
C:\Users\HP\Downloads\array_S\Result\farfield (f=34.8687)2D_1.ffp
C:\Users\HP\Downloads\array_S\Result\farfield (f=34.8687)_1.fme
C:\Users\HP\Downloads\array_S\Result\farfield (f=34.9697)2D_1.ffp
C:\Users\HP\Downloads\array_S\Result\farfield (f=34.9697)_1.fme
C:\Users\HP\Downloads\array_S\Result\farfield (f=35.0707)2D_1.ffp
C:\Users\HP\Downloads\array_S\Result\farfield (f=35.0707)_1.fme
C:\Users\HP\Downloads\array_S\Result\farfield (f=35.1717)2D_1.ffp
C:\Users\HP\Downloads\array_S\Result\farfield (f=35.1717)_1.fme
C:\Users\HP\Downloads\array_S\Result\farfield (f=35.2727)2D_1.ffp
C:\Users\HP\Downloads\array_S\Result\farfield (f=35.2727)_1.fme
C:\Users\HP\Downloads\array_S\Result\farfield (f=35.3737)2D_1.ffp
C:\Users\HP\Downloads\array_S\Result\farfield (f=35.3737)_1.fme
C:\Users\HP\Downloads\array_S\Result\farfield (f=35.4747)2D_1.ffp
C:\Users\HP\Downloads\array_S\Result\farfield (f=35.4747)_1.fme
C:\Users\HP\Downloads\array_S\Result\farfield (f=35.5758)2D_1.ffp
C:\Users\HP\Downloads\array_S\Result\farfield (f=35.5758)_1.fme
C:\Users\HP\Downloads\array_S\Result\farfield (f=35.6768)2D_1.ffp
C:\Users\HP\Downloads\array_S\Result\farfield (f=35.6768)_1.fme
C:\Users\HP\Downloads\array_S\Result\farfield (f=35.7778)2D_1.ffp
C:\Users\HP\Downloads\array_S\Result\farfield (f=35.7778)_1.fme
C:\Users\HP\Downloads\array_S\Result\farfield (f=35.8788)2D_1.ffp
C:\Users\HP\Downloads\array_S\Result\farfield (f=35.8788)_1.fme
C:\Users\HP\Downloads\array_S\Result\farfield (f=35.9798)2D_1.ffp
C:\Users\HP\Downloads\array_S\Result\farfield (f=35.9798)_1.fme
C:\Users\HP\Downloads\array_S\Result\farfield (f=36.0808)2D_1.ffp
C:\Users\HP\Downloads\array_S\Result\farfield (f=36.0808)_1.fme
C:\Users\HP\Downloads\array_S\Result\farfield (f=36.1818)2D_1.ffp
C:\Users\HP\Downloads\array_S\Result\farfield (f=36.1818)_1.fme
C:\Users\HP\Downloads\array_S\Result\farfield (f=36.2828)2D_1.ffp
C:\Users\HP\Downloads\array_S\Result\farfield (f=36.2828)_1.fme
C:\Users\HP\Downloads\array_S\Result\farfield (f=36.3838)2D_1.ffp
C:\Users\HP\Downloads\array_S\Result\farfield (f=36.3838)_1.fme
C:\Users\HP\Downloads\array_S\Result\farfield (f=36.4848)2D_1.ffp
C:\Users\HP\Downloads\array_S\Result\farfield (f=36.4848)_1.fme
C:\Users\HP\Downloads\array_S\Result\farfield (f=36.5859)2D_1.ffp
C:\Users\HP\Downloads\array_S\Result\farfield (f=36.5859)_1.fme
C:\Users\HP\Downloads\array_S\Result\farfield (f=36.6869)2D_1.ffp
C:\Users\HP\Downloads\array_S\Result\farfield (f=36.6869)_1.fme
C:\Users\HP\Downloads\array_S\Result\farfield (f=36.7879)2D_1.ffp
C:\Users\HP\Downloads\array_S\Result\farfield (f=36.7879)_1.fme
C:\Users\HP\Downloads\array_S\Result\farfield (f=36.8889)2D_1.ffp
C:\Users\HP\Downloads\array_S\Result\farfield (f=36.8889)_1.fme
C:\Users\HP\Downloads\array_S\Result\farfield (f=36.9899)2D_1.ffp
C:\Users\HP\Downloads\array_S\Result\farfield (f=36.9899)_1.fme
C:\Users\HP\Downloads\array_S\Result\farfield (f=37.0909)2D_1.ffp
C:\Users\HP\Downloads\array_S\Result\farfield (f=37.0909)_1.fme
C:\Users\HP\Downloads\array_S\Result\farfield (f=37.1919)2D_1.ffp
C:\Users\HP\Downloads\array_S\Result\farfield (f=37.1919)_1.fme
C:\Users\HP\Downloads\array_S\Result\farfield (f=37.2929)2D_1.ffp
C:\Users\HP\Downloads\array_S\Result\farfield (f=37.2929)_1.fme
C:\Users\HP\Downloads\array_S\Result\farfield (f=37.3939)2D_1.ffp
C:\Users\HP\Downloads\array_S\Result\farfield (f=37.3939)_1.fme
C:\Users\HP\Downloads\array_S\Result\farfield (f=37.4949)2D_1.ffp
C:\Users\HP\Downloads\array_S\Result\farfield (f=37.4949)_1.fme
C:\Users\HP\Downloads\array_S\Result\farfield (f=37.596)2D_1.ffp
C:\Users\HP\Downloads\array_S\Result\farfield (f=37.596)_1.fme
C:\Users\HP\Downloads\array_S\Result\farfield (f=37.697)2D_1.ffp
C:\Users\HP\Downloads\array_S\Result\farfield (f=37.697)_1.fme
C:\Users\HP\Downloads\array_S\Result\farfield (f=37.798)2D_1.ffp
C:\Users\HP\Downloads\array_S\Result\farfield (f=37.798)_1.fme
C:\Users\HP\Downloads\array_S\Result\farfield (f=37.899)2D_1.ffp
C:\Users\HP\Downloads\array_S\Result\farfield (f=37.899)_1.fme
C:\Users\HP\Downloads\array_S\Result\farfield (f=38)2D_1.ffp
C:\Users\HP\Downloads\array_S\Result\farfield (f=38)_1.fme
C:\Users\HP\Downloads\array_S\Result\h-field (f=28)_1,1_m3d.tfo
C:\Users\HP\Downloads\array_S\Result\h-field (f=28)_1,1_m3d_sct.tfo
C:\Users\HP\Downloads\array_S\Result\h-field (f=33)_1,1_m3d.tfo
C:\Users\HP\Downloads\array_S\Result\h-field (f=33)_1,1_m3d_sct.tfo
C:\Users\HP\Downloads\array_S\Result\h-field (f=38)_1,1_m3d.tfo
C:\Users\HP\Downloads\array_S\Result\h-field (f=38)_1,1_m3d_sct.tfo
C:\Users\HP\Downloads\array_S\Result\MCalc-Facets-1xN.log
C:\Users\HP\Downloads\array_S\Result\MCalc-Facets-PP.log
C:\Users\HP\Downloads\array_S\Result\MCalc.ddi
C:\Users\HP\Downloads\array_S\Result\MCalc.log
C:\Users\HP\Downloads\array_S\Result\MCalc^Diagnostics.log
C:\Users\HP\Downloads\array_S\Result\Model.axg
C:\Users\HP\Downloads\array_S\Result\Model.coco
C:\Users\HP\Downloads\array_S\Result\Model.ddi
C:\Users\HP\Downloads\array_S\Result\Model.elg
C:\Users\HP\Downloads\array_S\Result\Model.inf
C:\Users\HP\Downloads\array_S\Result\Model.log
C:\Users\HP\Downloads\array_S\Result\Model.mlg
C:\Users\HP\Downloads\array_S\Result\m^fifx.dsc
C:\Users\HP\Downloads\array_S\Result\m^fqq.dsc
C:\Users\HP\Downloads\array_S\Result\m^ppex.dsc
C:\Users\HP\Downloads\array_S\Result\m^wgp.dsc
C:\Users\HP\Downloads\array_S\Result\Port1_e1_pmm_33.tfo
C:\Users\HP\Downloads\array_S\Result\Port1_h1_pmm_33.tfo
C:\Users\HP\Downloads\array_S\Result\Postprocessing.log
C:\Users\HP\Downloads\array_S\Result\power (f=28)_1,1_m3d.tfo
C:\Users\HP\Downloads\array_S\Result\power (f=33)_1,1_m3d.tfo
C:\Users\HP\Downloads\array_S\Result\power (f=38)_1,1_m3d.tfo
C:\Users\HP\Downloads\array_S\Result\p^a.dsc
C:\Users\HP\Downloads\array_S\Result\P^m^fbqq.slog
C:\Users\HP\Downloads\array_S\Result\P^m^fqq.slog
C:\Users\HP\Downloads\array_S\Result\P^p^m.slog
C:\Users\HP\Downloads\array_S\Result\P^s^pm.slog
Mesh:
C:\Users\HP\Downloads\array_S\Result\dA.mat
C:\Users\HP\Downloads\array_S\Result\dad.mat
C:\Users\HP\Downloads\array_S\Result\ds.mat
C:\Users\HP\Downloads\array_S\Result\dsd.mat
C:\Users\HP\Downloads\array_S\Result\dsMCalc.mat
C:\Users\HP\Downloads\array_S\Result\Eps.mat
C:\Users\HP\Downloads\array_S\Result\HexMatrix.m2h
C:\Users\HP\Downloads\array_S\Result\HexMatrix_MCalc.m2h
C:\Users\HP\Downloads\array_S\Result\MCalc.fmp
C:\Users\HP\Downloads\array_S\Result\MCalc.xcfd
C:\Users\HP\Downloads\array_S\Result\Meta.m2h
C:\Users\HP\Downloads\array_S\Result\Meta.mat
C:\Users\HP\Downloads\array_S\Result\Model.fmf
C:\Users\HP\Downloads\array_S\Result\Model.fmm
C:\Users\HP\Downloads\array_S\Result\Model.fpc
C:\Users\HP\Downloads\array_S\Result\Model.fsi
C:\Users\HP\Downloads\array_S\Result\Model.fwf
C:\Users\HP\Downloads\array_S\Result\Model.mss
C:\Users\HP\Downloads\array_S\Result\Model.sic
C:\Users\HP\Downloads\array_S\Result\Model.spi
C:\Users\HP\Downloads\array_S\Result\Model.xcfd
C:\Users\HP\Downloads\array_S\Result\Model^PEC.fpf
C:\Users\HP\Downloads\array_S\Result\Mue.mat
C:\Users\HP\Downloads\array_S\Result\m^fqq.mem
C:\Users\HP\Downloads\array_S\Result\p1.spi
C:\Users\HP\Downloads\array_S\Result\PEC.mat
C:\Users\HP\Downloads\array_S\Result\Port1.wgi
C:\Users\HP\Downloads\array_S\Result\PP.fsi
C:\Users\HP\Downloads\array_S\Result\p^a.mem
C:\Users\HP\Downloads\array_S\Result\p^m.mem
C:\Users\HP\Downloads\array_S\Result\Rho.mat
C:\Users\HP\Downloads\array_S\Result\S2HMatrix.m2h
C:\Users\HP\Downloads\array_S\Result\s^pm.mem
Port:
C:\Users\HP\Downloads\array_S\Result\adapt_Port1_e1.prt
C:\Users\HP\Downloads\array_S\Result\adapt_Port1_e1[33].prt
C:\Users\HP\Downloads\array_S\Result\adapt_Port1_h1.prt
C:\Users\HP\Downloads\array_S\Result\adapt_Port1_h1[33].prt
C:\Users\HP\Downloads\array_S\Result\Model.pmi
C:\Users\HP\Downloads\array_S\Result\Port1_1[33].m2d
C:\Users\HP\Downloads\array_S\Result\Port1_drv.m2d
C:\Users\HP\Downloads\array_S\Result\Port1_e1.prt
C:\Users\HP\Downloads\array_S\Result\Port1_e1[33].prt
C:\Users\HP\Downloads\array_S\Result\Port1_h1.prt
C:\Users\HP\Downloads\array_S\Result\Port1_h1[33].prt
